Unable to capture context for thread 440 in process 12020, can not generate back trace
Unable to capture context for thread 2548 in process 12020, can not generate back trace
Exception at PC 0x00007FFEE9E9BB93
Printing stacktrace...

[0]  [0x00007FFEE9E9BB93]
[1]  [0x00007FFEE9E9BB93]
[2]  [0x00007FFEE9E9B4A1]
[3]  [0x00007FFEE9E9B3EF]
[4]  [0x00007FFEE9E819FE]
[5]  [0x00007FFEE9E80ED1]
[6]  [0x00007FFEE9E80D76]
[7]  [0x00007FFEE9E279F6]
[8]  [0x00007FFEE9E17AFB]
[9]  [0x00007FFEE9F3E90A]
[10]  [0x00007FFEE9F59F87]
[11]  [0x00007FFEE9F5A05F]
[12] (BaseThreadInitThunk+0x14) [0x00007FFEFD878364]
[13] (RtlUserThreadStart+0x21) [0x00007FFEFD9E70D1]
Done
Exception at PC 0x00007FFEE9BA1A52
Attemped to write at address 0x00007FFECDC3ABA4
Printing stacktrace...

[0]  [0x00007FFEE9BA1A52]
[1]  [0x00007FFEE9BA1A52]
[2]  [0x00007FFEE9BA1AD4]
[3]  [0x00007FFEE9CE3FF7]
[4]  [0x00007FFEE9BC9128]
[5]  [0x00007FFEE9E7DFB9]
[6]  [0x00007FFEEA04EF23]
[7]  [0x00007FFEE9F5B06B]
[8]  [0x00007FFEE9F508AF]
[9]  [0x00007FFEE9F50A32]
[10] (RtlDeactivateActivationContextUnsafeFast+0x1bf) [0x00007FFEFD9AA35F]
[11] (LdrShutdownProcess+0x14b) [0x00007FFEFD98806B]
[12] (RtlExitUserProcess+0xb4) [0x00007FFEFD987D94]
[13] (ExitProcess+0xa) [0x00007FFEFD88CE6A]
[14] (exit+0x85) [0x00007FFEFD3FA4A5]
[15] (initterm_e+0x231) [0x00007FFEFD3FAB01]
[16]  [0x00000000004014CD]
[17]  [0x000000000040151B]
[18] (BaseThreadInitThunk+0x14) [0x00007FFEFD878364]
[19] (RtlUserThreadStart+0x21) [0x00007FFEFD9E70D1]
Done
