Copyright 1986-2017 Xilinx, Inc. All Rights Reserved.
---------------------------------------------------------------------------------------------------------------------------
| Tool Version : Vivado v.2017.2 (win64) Build 1909853 Thu Jun 15 18:39:09 MDT 2017
| Date         : Tue Oct 10 01:22:05 2017
| Host         : l-THINK running 64-bit major release  (build 9200)
| Command      : report_methodology -file up_counter_methodology_drc_routed.rpt -rpx up_counter_methodology_drc_routed.rpx
| Design       : up_counter
| Device       : xc7a35tcpg236-1
| Speed File   : -1
| Design State : Routed
---------------------------------------------------------------------------------------------------------------------------

Report Methodology

Table of Contents
-----------------
1. REPORT SUMMARY
2. REPORT DETAILS

1. REPORT SUMMARY
-----------------
            Netlist: netlist
          Floorplan: design_1
      Design limits: <entire design considered>
             Max violations: <unlimited>
             Violations found: 78
+-----------+------------------+-----------------------------+------------+
| Rule      | Severity         | Description                 | Violations |
+-----------+------------------+-----------------------------+------------+
| TIMING-23 | Critical Warning | Combinatorial loop found    | 41         |
| TIMING-17 | Warning          | Non-clocked sequential cell | 5          |
| TIMING-20 | Warning          | Non-clocked latch           | 32         |
+-----------+------------------+-----------------------------+------------+

2. REPORT DETAILS
-----------------
TIMING-23#1 Critical Warning
Combinatorial loop found  
A timing loop has been detected on a combinational path. A timing arc has been disabled between dout_OBUF[19]_inst_i_9/I0 and dout_OBUF[19]_inst_i_9/O to disable the timing loop
Related violations: <none>

TIMING-23#2 Critical Warning
Combinatorial loop found  
A timing loop has been detected on a combinational path. A timing arc has been disabled between dout_OBUF[19]_inst_i_9/I1 and dout_OBUF[19]_inst_i_9/O to disable the timing loop
Related violations: <none>

TIMING-23#3 Critical Warning
Combinatorial loop found  
A timing loop has been detected on a combinational path. A timing arc has been disabled between dout_OBUF[19]_inst_i_9/I3 and dout_OBUF[19]_inst_i_9/O to disable the timing loop
Related violations: <none>

TIMING-23#4 Critical Warning
Combinatorial loop found  
A timing loop has been detected on a combinational path. A timing arc has been disabled between dout_OBUF[19]_inst_i_9/I5 and dout_OBUF[19]_inst_i_9/O to disable the timing loop
Related violations: <none>

TIMING-23#5 Critical Warning
Combinatorial loop found  
A timing loop has been detected on a combinational path. A timing arc has been disabled between dout_OBUF[23]_inst_i_11/I0 and dout_OBUF[23]_inst_i_11/O to disable the timing loop
Related violations: <none>

TIMING-23#6 Critical Warning
Combinatorial loop found  
A timing loop has been detected on a combinational path. A timing arc has been disabled between dout_OBUF[23]_inst_i_11/I1 and dout_OBUF[23]_inst_i_11/O to disable the timing loop
Related violations: <none>

TIMING-23#7 Critical Warning
Combinatorial loop found  
A timing loop has been detected on a combinational path. A timing arc has been disabled between dout_OBUF[23]_inst_i_11/I3 and dout_OBUF[23]_inst_i_11/O to disable the timing loop
Related violations: <none>

TIMING-23#8 Critical Warning
Combinatorial loop found  
A timing loop has been detected on a combinational path. A timing arc has been disabled between dout_OBUF[23]_inst_i_11/I4 and dout_OBUF[23]_inst_i_11/O to disable the timing loop
Related violations: <none>

TIMING-23#9 Critical Warning
Combinatorial loop found  
A timing loop has been detected on a combinational path. A timing arc has been disabled between dout_OBUF[23]_inst_i_11/I5 and dout_OBUF[23]_inst_i_11/O to disable the timing loop
Related violations: <none>

TIMING-23#10 Critical Warning
Combinatorial loop found  
A timing loop has been detected on a combinational path. A timing arc has been disabled between dout_OBUF[35]_inst_i_1/S[0] and dout_OBUF[35]_inst_i_1/O[3] to disable the timing loop
Related violations: <none>

TIMING-23#11 Critical Warning
Combinatorial loop found  
A timing loop has been detected on a combinational path. A timing arc has been disabled between dout_OBUF[35]_inst_i_1/S[1] and dout_OBUF[35]_inst_i_1/O[2] to disable the timing loop
Related violations: <none>

TIMING-23#12 Critical Warning
Combinatorial loop found  
A timing loop has been detected on a combinational path. A timing arc has been disabled between dout_OBUF[35]_inst_i_1/S[1] and dout_OBUF[35]_inst_i_1/O[3] to disable the timing loop
Related violations: <none>

TIMING-23#13 Critical Warning
Combinatorial loop found  
A timing loop has been detected on a combinational path. A timing arc has been disabled between dout_OBUF[35]_inst_i_1/S[3] and dout_OBUF[35]_inst_i_1/O[3] to disable the timing loop
Related violations: <none>

TIMING-23#14 Critical Warning
Combinatorial loop found  
A timing loop has been detected on a combinational path. A timing arc has been disabled between dout_OBUF[35]_inst_i_3/I1 and dout_OBUF[35]_inst_i_3/O to disable the timing loop
Related violations: <none>

TIMING-23#15 Critical Warning
Combinatorial loop found  
A timing loop has been detected on a combinational path. A timing arc has been disabled between dout_OBUF[35]_inst_i_3/I2 and dout_OBUF[35]_inst_i_3/O to disable the timing loop
Related violations: <none>

TIMING-23#16 Critical Warning
Combinatorial loop found  
A timing loop has been detected on a combinational path. A timing arc has been disabled between dout_OBUF[35]_inst_i_4/I2 and dout_OBUF[35]_inst_i_4/O to disable the timing loop
Related violations: <none>

TIMING-23#17 Critical Warning
Combinatorial loop found  
A timing loop has been detected on a combinational path. A timing arc has been disabled between dout_OBUF[35]_inst_i_5/I0 and dout_OBUF[35]_inst_i_5/O to disable the timing loop
Related violations: <none>

TIMING-23#18 Critical Warning
Combinatorial loop found  
A timing loop has been detected on a combinational path. A timing arc has been disabled between dout_OBUF[35]_inst_i_5/I2 and dout_OBUF[35]_inst_i_5/O to disable the timing loop
Related violations: <none>

TIMING-23#19 Critical Warning
Combinatorial loop found  
A timing loop has been detected on a combinational path. A timing arc has been disabled between dout_OBUF[39]_inst_i_1/CI and dout_OBUF[39]_inst_i_1/O[0] to disable the timing loop
Related violations: <none>

TIMING-23#20 Critical Warning
Combinatorial loop found  
A timing loop has been detected on a combinational path. A timing arc has been disabled between dout_OBUF[39]_inst_i_5/I0 and dout_OBUF[39]_inst_i_5/O to disable the timing loop
Related violations: <none>

TIMING-23#21 Critical Warning
Combinatorial loop found  
A timing loop has been detected on a combinational path. A timing arc has been disabled between dout_OBUF[39]_inst_i_5/I1 and dout_OBUF[39]_inst_i_5/O to disable the timing loop
Related violations: <none>

TIMING-23#22 Critical Warning
Combinatorial loop found  
A timing loop has been detected on a combinational path. A timing arc has been disabled between dout_OBUF[39]_inst_i_5/I2 and dout_OBUF[39]_inst_i_5/O to disable the timing loop
Related violations: <none>

TIMING-23#23 Critical Warning
Combinatorial loop found  
A timing loop has been detected on a combinational path. A timing arc has been disabled between dout_OBUF[3]_inst_i_1/S[0] and dout_OBUF[3]_inst_i_1/O[2] to disable the timing loop
Related violations: <none>

TIMING-23#24 Critical Warning
Combinatorial loop found  
A timing loop has been detected on a combinational path. A timing arc has been disabled between dout_OBUF[3]_inst_i_1/S[0] and dout_OBUF[3]_inst_i_1/O[3] to disable the timing loop
Related violations: <none>

TIMING-23#25 Critical Warning
Combinatorial loop found  
A timing loop has been detected on a combinational path. A timing arc has been disabled between dout_OBUF[3]_inst_i_1/S[1] and dout_OBUF[3]_inst_i_1/O[3] to disable the timing loop
Related violations: <none>

TIMING-23#26 Critical Warning
Combinatorial loop found  
A timing loop has been detected on a combinational path. A timing arc has been disabled between dout_OBUF[3]_inst_i_1/S[2] and dout_OBUF[3]_inst_i_1/O[2] to disable the timing loop
Related violations: <none>

TIMING-23#27 Critical Warning
Combinatorial loop found  
A timing loop has been detected on a combinational path. A timing arc has been disabled between dout_OBUF[3]_inst_i_1/S[2] and dout_OBUF[3]_inst_i_1/O[3] to disable the timing loop
Related violations: <none>

TIMING-23#28 Critical Warning
Combinatorial loop found  
A timing loop has been detected on a combinational path. A timing arc has been disabled between dout_OBUF[3]_inst_i_3/I2 and dout_OBUF[3]_inst_i_3/O to disable the timing loop
Related violations: <none>

TIMING-23#29 Critical Warning
Combinatorial loop found  
A timing loop has been detected on a combinational path. A timing arc has been disabled between dout_OBUF[51]_inst_i_11/I0 and dout_OBUF[51]_inst_i_11/O to disable the timing loop
Related violations: <none>

TIMING-23#30 Critical Warning
Combinatorial loop found  
A timing loop has been detected on a combinational path. A timing arc has been disabled between dout_OBUF[51]_inst_i_11/I1 and dout_OBUF[51]_inst_i_11/O to disable the timing loop
Related violations: <none>

TIMING-23#31 Critical Warning
Combinatorial loop found  
A timing loop has been detected on a combinational path. A timing arc has been disabled between dout_OBUF[51]_inst_i_11/I3 and dout_OBUF[51]_inst_i_11/O to disable the timing loop
Related violations: <none>

TIMING-23#32 Critical Warning
Combinatorial loop found  
A timing loop has been detected on a combinational path. A timing arc has been disabled between dout_OBUF[51]_inst_i_11/I5 and dout_OBUF[51]_inst_i_11/O to disable the timing loop
Related violations: <none>

TIMING-23#33 Critical Warning
Combinatorial loop found  
A timing loop has been detected on a combinational path. A timing arc has been disabled between dout_OBUF[51]_inst_i_9/I0 and dout_OBUF[51]_inst_i_9/O to disable the timing loop
Related violations: <none>

TIMING-23#34 Critical Warning
Combinatorial loop found  
A timing loop has been detected on a combinational path. A timing arc has been disabled between dout_OBUF[51]_inst_i_9/I1 and dout_OBUF[51]_inst_i_9/O to disable the timing loop
Related violations: <none>

TIMING-23#35 Critical Warning
Combinatorial loop found  
A timing loop has been detected on a combinational path. A timing arc has been disabled between dout_OBUF[51]_inst_i_9/I3 and dout_OBUF[51]_inst_i_9/O to disable the timing loop
Related violations: <none>

TIMING-23#36 Critical Warning
Combinatorial loop found  
A timing loop has been detected on a combinational path. A timing arc has been disabled between dout_OBUF[51]_inst_i_9/I4 and dout_OBUF[51]_inst_i_9/O to disable the timing loop
Related violations: <none>

TIMING-23#37 Critical Warning
Combinatorial loop found  
A timing loop has been detected on a combinational path. A timing arc has been disabled between dout_OBUF[51]_inst_i_9/I5 and dout_OBUF[51]_inst_i_9/O to disable the timing loop
Related violations: <none>

TIMING-23#38 Critical Warning
Combinatorial loop found  
A timing loop has been detected on a combinational path. A timing arc has been disabled between dout_OBUF[7]_inst_i_1/CI and dout_OBUF[7]_inst_i_1/O[0] to disable the timing loop
Related violations: <none>

TIMING-23#39 Critical Warning
Combinatorial loop found  
A timing loop has been detected on a combinational path. A timing arc has been disabled between dout_OBUF[7]_inst_i_4/I2 and dout_OBUF[7]_inst_i_4/O to disable the timing loop
Related violations: <none>

TIMING-23#40 Critical Warning
Combinatorial loop found  
A timing loop has been detected on a combinational path. A timing arc has been disabled between g0_b3__1/I3 and g0_b3__1/O to disable the timing loop
Related violations: <none>

TIMING-23#41 Critical Warning
Combinatorial loop found  
A timing loop has been detected on a combinational path. A timing arc has been disabled between g0_b3__1/I5 and g0_b3__1/O to disable the timing loop
Related violations: <none>

TIMING-17#1 Warning
Non-clocked sequential cell  
The clock pin fin_reg/C is not reached by a timing clock
Related violations: <none>

TIMING-17#2 Warning
Non-clocked sequential cell  
The clock pin i_cnt_reg[0]/C is not reached by a timing clock
Related violations: <none>

TIMING-17#3 Warning
Non-clocked sequential cell  
The clock pin i_cnt_reg[1]/C is not reached by a timing clock
Related violations: <none>

TIMING-17#4 Warning
Non-clocked sequential cell  
The clock pin i_cnt_reg[2]/C is not reached by a timing clock
Related violations: <none>

TIMING-17#5 Warning
Non-clocked sequential cell  
The clock pin i_cnt_reg[3]/C is not reached by a timing clock
Related violations: <none>

TIMING-20#1 Warning
Non-clocked latch  
The latch ab_xor_reg[0] cannot be properly analyzed as its control pin ab_xor_reg[0]/G is not reached by a timing clock
Related violations: <none>

TIMING-20#2 Warning
Non-clocked latch  
The latch ab_xor_reg[10] cannot be properly analyzed as its control pin ab_xor_reg[10]/G is not reached by a timing clock
Related violations: <none>

TIMING-20#3 Warning
Non-clocked latch  
The latch ab_xor_reg[11] cannot be properly analyzed as its control pin ab_xor_reg[11]/G is not reached by a timing clock
Related violations: <none>

TIMING-20#4 Warning
Non-clocked latch  
The latch ab_xor_reg[12] cannot be properly analyzed as its control pin ab_xor_reg[12]/G is not reached by a timing clock
Related violations: <none>

TIMING-20#5 Warning
Non-clocked latch  
The latch ab_xor_reg[13] cannot be properly analyzed as its control pin ab_xor_reg[13]/G is not reached by a timing clock
Related violations: <none>

TIMING-20#6 Warning
Non-clocked latch  
The latch ab_xor_reg[14] cannot be properly analyzed as its control pin ab_xor_reg[14]/G is not reached by a timing clock
Related violations: <none>

TIMING-20#7 Warning
Non-clocked latch  
The latch ab_xor_reg[15] cannot be properly analyzed as its control pin ab_xor_reg[15]/G is not reached by a timing clock
Related violations: <none>

TIMING-20#8 Warning
Non-clocked latch  
The latch ab_xor_reg[16] cannot be properly analyzed as its control pin ab_xor_reg[16]/G is not reached by a timing clock
Related violations: <none>

TIMING-20#9 Warning
Non-clocked latch  
The latch ab_xor_reg[17] cannot be properly analyzed as its control pin ab_xor_reg[17]/G is not reached by a timing clock
Related violations: <none>

TIMING-20#10 Warning
Non-clocked latch  
The latch ab_xor_reg[18] cannot be properly analyzed as its control pin ab_xor_reg[18]/G is not reached by a timing clock
Related violations: <none>

TIMING-20#11 Warning
Non-clocked latch  
The latch ab_xor_reg[19] cannot be properly analyzed as its control pin ab_xor_reg[19]/G is not reached by a timing clock
Related violations: <none>

TIMING-20#12 Warning
Non-clocked latch  
The latch ab_xor_reg[1] cannot be properly analyzed as its control pin ab_xor_reg[1]/G is not reached by a timing clock
Related violations: <none>

TIMING-20#13 Warning
Non-clocked latch  
The latch ab_xor_reg[20] cannot be properly analyzed as its control pin ab_xor_reg[20]/G is not reached by a timing clock
Related violations: <none>

TIMING-20#14 Warning
Non-clocked latch  
The latch ab_xor_reg[21] cannot be properly analyzed as its control pin ab_xor_reg[21]/G is not reached by a timing clock
Related violations: <none>

TIMING-20#15 Warning
Non-clocked latch  
The latch ab_xor_reg[22] cannot be properly analyzed as its control pin ab_xor_reg[22]/G is not reached by a timing clock
Related violations: <none>

TIMING-20#16 Warning
Non-clocked latch  
The latch ab_xor_reg[23] cannot be properly analyzed as its control pin ab_xor_reg[23]/G is not reached by a timing clock
Related violations: <none>

TIMING-20#17 Warning
Non-clocked latch  
The latch ab_xor_reg[24] cannot be properly analyzed as its control pin ab_xor_reg[24]/G is not reached by a timing clock
Related violations: <none>

TIMING-20#18 Warning
Non-clocked latch  
The latch ab_xor_reg[25] cannot be properly analyzed as its control pin ab_xor_reg[25]/G is not reached by a timing clock
Related violations: <none>

TIMING-20#19 Warning
Non-clocked latch  
The latch ab_xor_reg[26] cannot be properly analyzed as its control pin ab_xor_reg[26]/G is not reached by a timing clock
Related violations: <none>

TIMING-20#20 Warning
Non-clocked latch  
The latch ab_xor_reg[27] cannot be properly analyzed as its control pin ab_xor_reg[27]/G is not reached by a timing clock
Related violations: <none>

TIMING-20#21 Warning
Non-clocked latch  
The latch ab_xor_reg[28] cannot be properly analyzed as its control pin ab_xor_reg[28]/G is not reached by a timing clock
Related violations: <none>

TIMING-20#22 Warning
Non-clocked latch  
The latch ab_xor_reg[29] cannot be properly analyzed as its control pin ab_xor_reg[29]/G is not reached by a timing clock
Related violations: <none>

TIMING-20#23 Warning
Non-clocked latch  
The latch ab_xor_reg[2] cannot be properly analyzed as its control pin ab_xor_reg[2]/G is not reached by a timing clock
Related violations: <none>

TIMING-20#24 Warning
Non-clocked latch  
The latch ab_xor_reg[30] cannot be properly analyzed as its control pin ab_xor_reg[30]/G is not reached by a timing clock
Related violations: <none>

TIMING-20#25 Warning
Non-clocked latch  
The latch ab_xor_reg[31] cannot be properly analyzed as its control pin ab_xor_reg[31]/G is not reached by a timing clock
Related violations: <none>

TIMING-20#26 Warning
Non-clocked latch  
The latch ab_xor_reg[3] cannot be properly analyzed as its control pin ab_xor_reg[3]/G is not reached by a timing clock
Related violations: <none>

TIMING-20#27 Warning
Non-clocked latch  
The latch ab_xor_reg[4] cannot be properly analyzed as its control pin ab_xor_reg[4]/G is not reached by a timing clock
Related violations: <none>

TIMING-20#28 Warning
Non-clocked latch  
The latch ab_xor_reg[5] cannot be properly analyzed as its control pin ab_xor_reg[5]/G is not reached by a timing clock
Related violations: <none>

TIMING-20#29 Warning
Non-clocked latch  
The latch ab_xor_reg[6] cannot be properly analyzed as its control pin ab_xor_reg[6]/G is not reached by a timing clock
Related violations: <none>

TIMING-20#30 Warning
Non-clocked latch  
The latch ab_xor_reg[7] cannot be properly analyzed as its control pin ab_xor_reg[7]/G is not reached by a timing clock
Related violations: <none>

TIMING-20#31 Warning
Non-clocked latch  
The latch ab_xor_reg[8] cannot be properly analyzed as its control pin ab_xor_reg[8]/G is not reached by a timing clock
Related violations: <none>

TIMING-20#32 Warning
Non-clocked latch  
The latch ab_xor_reg[9] cannot be properly analyzed as its control pin ab_xor_reg[9]/G is not reached by a timing clock
Related violations: <none>


